[2J[3J[H[[90m3:59:51 PM[0m] Starting compilation in watch mode...

[[90m3:59:52 PM[0m] Found 0 errors. Watching for file changes.

[32m[Nest] 272195  - [39m09/25/2024, 3:59:52 PM [32m    LOG[39m [38;5;3m[NestFactory] [39m[32mStarting Nest application...[39m
[32m[Nest] 272195  - [39m09/25/2024, 3:59:52 PM [32m    LOG[39m [38;5;3m[InstanceLoader] [39m[32mAppModule dependencies initialized[39m[38;5;3m +6ms[39m
[32m[Nest] 272195  - [39m09/25/2024, 3:59:52 PM [32m    LOG[39m [38;5;3m[RoutesResolver] [39m[32mAppController {/}:[39m[38;5;3m +3ms[39m
[32m[Nest] 272195  - [39m09/25/2024, 3:59:52 PM [32m    LOG[39m [38;5;3m[RouterExplorer] [39m[32mMapped {/, GET} route[39m[38;5;3m +1ms[39m
[32m[Nest] 272195  - [39m09/25/2024, 3:59:52 PM [32m    LOG[39m [38;5;3m[NestApplication] [39m[32mNest application successfully started[39m[38;5;3m +1ms[39m
[31m[Nest] 272195  - [39m09/25/2024, 3:59:52 PM [31m  ERROR[39m [38;5;3m[NestApplication] [39m[31mError: listen EADDRINUSE: address already in use :::3000[39m[38;5;3m +2ms[39m
node:net:1904
    const ex = new UVExceptionWithHostPort(err, 'listen', address, port);
               ^

Error: listen EADDRINUSE: address already in use :::3000
    at Server.setupListenHandle [as _listen2] (node:net:1904:16)
    at listenInCluster (node:net:1961:12)
    at Server.listen (node:net:2063:7)
    at ExpressAdapter.listen (/home/travis/Projects/maichaine/node_modules/@nestjs/platform-express/adapters/express-adapter.js:95:32)
    at /home/travis/Projects/maichaine/node_modules/@nestjs/core/nest-application.js:180:30
    at new Promise (<anonymous>)
    at NestApplication.listen (/home/travis/Projects/maichaine/node_modules/@nestjs/core/nest-application.js:170:16)
    at async bootstrap (/home/travis/Projects/maichaine/src/main.ts:6:3) {
  code: 'EADDRINUSE',
  errno: -98,
  syscall: 'listen',
  address: '::',
  port: 3000
}

Node.js v20.17.0
[2J[3J[H[[90m4:00:07 PM[0m] File change detected. Starting incremental compilation...

[[90m4:00:07 PM[0m] Found 0 errors. Watching for file changes.

[32m[Nest] 272501  - [39m09/25/2024, 4:00:07 PM [32m    LOG[39m [38;5;3m[NestFactory] [39m[32mStarting Nest application...[39m
[32m[Nest] 272501  - [39m09/25/2024, 4:00:07 PM [32m    LOG[39m [38;5;3m[InstanceLoader] [39m[32mAppModule dependencies initialized[39m[38;5;3m +5ms[39m
[32m[Nest] 272501  - [39m09/25/2024, 4:00:07 PM [32m    LOG[39m [38;5;3m[RoutesResolver] [39m[32mAppController {/}:[39m[38;5;3m +3ms[39m
[32m[Nest] 272501  - [39m09/25/2024, 4:00:07 PM [32m    LOG[39m [38;5;3m[RouterExplorer] [39m[32mMapped {/, GET} route[39m[38;5;3m +1ms[39m
[32m[Nest] 272501  - [39m09/25/2024, 4:00:07 PM [32m    LOG[39m [38;5;3m[NestApplication] [39m[32mNest application successfully started[39m[38;5;3m +1ms[39m
[2J[3J[H[[90m4:06:55 PM[0m] File change detected. Starting incremental compilation...

[96msrc/robot/robot.service.ts[0m:[93m2[0m:[93m24[0m - [91merror[0m[90m TS2307: [0mCannot find module 'robotjs' or its corresponding type declarations.

[7m2[0m import * as robot from 'robotjs';
[7m [0m [91m                       ~~~~~~~~~[0m

[[90m4:06:55 PM[0m] Found 1 error. Watching for file changes.

[2J[3J[H[[90m4:06:56 PM[0m] File change detected. Starting incremental compilation...

[96msrc/robot/robot.service.ts[0m:[93m2[0m:[93m24[0m - [91merror[0m[90m TS2307: [0mCannot find module 'robotjs' or its corresponding type declarations.

[7m2[0m import * as robot from 'robotjs';
[7m [0m [91m                       ~~~~~~~~~[0m

[[90m4:06:56 PM[0m] Found 1 error. Watching for file changes.

[2J[3J[H[[90m4:07:17 PM[0m] File change detected. Starting incremental compilation...

[[90m4:07:17 PM[0m] Found 0 errors. Watching for file changes.

node:internal/modules/cjs/loader:1228
  throw err;
  ^

Error: Cannot find module './build/Release/robotjs.node'
Require stack:
- /home/travis/Projects/maichaine/node_modules/robotjs/index.js
- /home/travis/Projects/maichaine/dist/robot/robot.service.js
- /home/travis/Projects/maichaine/dist/robot/robot.controller.js
- /home/travis/Projects/maichaine/dist/app.module.js
- /home/travis/Projects/maichaine/dist/main.js
    at Module._resolveFilename (node:internal/modules/cjs/loader:1225:15)
    at Module._load (node:internal/modules/cjs/loader:1051:27)
    at Module.require (node:internal/modules/cjs/loader:1311:19)
    at require (node:internal/modules/helpers:179:18)
    at Object.<anonymous> (/home/travis/Projects/maichaine/node_modules/robotjs/index.js:1:15)
    at Module._compile (node:internal/modules/cjs/loader:1469:14)
    at Module._extensions..js (node:internal/modules/cjs/loader:1548:10)
    at Module.load (node:internal/modules/cjs/loader:1288:32)
    at Module._load (node:internal/modules/cjs/loader:1104:12)
    at Module.require (node:internal/modules/cjs/loader:1311:19) {
  code: 'MODULE_NOT_FOUND',
  requireStack: [
    '/home/travis/Projects/maichaine/node_modules/robotjs/index.js',
    '/home/travis/Projects/maichaine/dist/robot/robot.service.js',
    '/home/travis/Projects/maichaine/dist/robot/robot.controller.js',
    '/home/travis/Projects/maichaine/dist/app.module.js',
    '/home/travis/Projects/maichaine/dist/main.js'
  ]
}

Node.js v20.17.0
[2J[3J[H[[90m4:07:18 PM[0m] File change detected. Starting incremental compilation...

[[90m4:07:18 PM[0m] Found 0 errors. Watching for file changes.

node:internal/modules/cjs/loader:1228
  throw err;
  ^

Error: Cannot find module './build/Release/robotjs.node'
Require stack:
- /home/travis/Projects/maichaine/node_modules/robotjs/index.js
- /home/travis/Projects/maichaine/dist/robot/robot.service.js
- /home/travis/Projects/maichaine/dist/robot/robot.controller.js
- /home/travis/Projects/maichaine/dist/app.module.js
- /home/travis/Projects/maichaine/dist/main.js
    at Module._resolveFilename (node:internal/modules/cjs/loader:1225:15)
    at Module._load (node:internal/modules/cjs/loader:1051:27)
    at Module.require (node:internal/modules/cjs/loader:1311:19)
    at require (node:internal/modules/helpers:179:18)
    at Object.<anonymous> (/home/travis/Projects/maichaine/node_modules/robotjs/index.js:1:15)
    at Module._compile (node:internal/modules/cjs/loader:1469:14)
    at Module._extensions..js (node:internal/modules/cjs/loader:1548:10)
    at Module.load (node:internal/modules/cjs/loader:1288:32)
    at Module._load (node:internal/modules/cjs/loader:1104:12)
    at Module.require (node:internal/modules/cjs/loader:1311:19) {
  code: 'MODULE_NOT_FOUND',
  requireStack: [
    '/home/travis/Projects/maichaine/node_modules/robotjs/index.js',
    '/home/travis/Projects/maichaine/dist/robot/robot.service.js',
    '/home/travis/Projects/maichaine/dist/robot/robot.controller.js',
    '/home/travis/Projects/maichaine/dist/app.module.js',
    '/home/travis/Projects/maichaine/dist/main.js'
  ]
}

Node.js v20.17.0
[2J[3J[H[[90m4:07:19 PM[0m] File change detected. Starting incremental compilation...

[96msrc/robot/robot.service.ts[0m:[93m2[0m:[93m24[0m - [91merror[0m[90m TS2307: [0mCannot find module 'robotjs' or its corresponding type declarations.

[7m2[0m import * as robot from 'robotjs';
[7m [0m [91m                       ~~~~~~~~~[0m

[[90m4:07:19 PM[0m] Found 1 error. Watching for file changes.

[2J[3J[H[[90m4:07:20 PM[0m] File change detected. Starting incremental compilation...

[96msrc/robot/robot.service.ts[0m:[93m2[0m:[93m24[0m - [91merror[0m[90m TS2307: [0mCannot find module 'robotjs' or its corresponding type declarations.

[7m2[0m import * as robot from 'robotjs';
[7m [0m [91m                       ~~~~~~~~~[0m

[[90m4:07:20 PM[0m] Found 1 error. Watching for file changes.

[2J[3J[H[[90m4:10:06 PM[0m] File change detected. Starting incremental compilation...

[96msrc/robot/robot.service.ts[0m:[93m2[0m:[93m33[0m - [91merror[0m[90m TS2307: [0mCannot find module '@nut-tree/nut-js' or its corresponding type declarations.

[7m2[0m import { mouse, keyboard } from '@nut-tree/nut-js';
[7m [0m [91m                                ~~~~~~~~~~~~~~~~~~[0m

[[90m4:10:06 PM[0m] Found 1 error. Watching for file changes.

[2J[3J[H[[90m4:19:06 PM[0m] File change detected. Starting incremental compilation...

[96msrc/robot/robot.service.ts[0m:[93m2[0m:[93m33[0m - [91merror[0m[90m TS2307: [0mCannot find module '@nut-tree/nut-js' or its corresponding type declarations.

[7m2[0m import { mouse, keyboard } from '@nut-tree/nut-js';
[7m [0m [91m                                ~~~~~~~~~~~~~~~~~~[0m

[[90m4:19:06 PM[0m] Found 1 error. Watching for file changes.

[2J[3J[H[[90m4:19:09 PM[0m] File change detected. Starting incremental compilation...

[96msrc/robot/robot.service.ts[0m:[93m2[0m:[93m33[0m - [91merror[0m[90m TS2307: [0mCannot find module '@nut-tree/nut-js' or its corresponding type declarations.

[7m2[0m import { mouse, keyboard } from '@nut-tree/nut-js';
[7m [0m [91m                                ~~~~~~~~~~~~~~~~~~[0m

[[90m4:19:09 PM[0m] Found 1 error. Watching for file changes.

[2J[3J[H[[90m4:22:29 PM[0m] File change detected. Starting incremental compilation...

[96msrc/robot/robot.service.ts[0m:[93m2[0m:[93m33[0m - [91merror[0m[90m TS2307: [0mCannot find module '@nut-tree/nut-js' or its corresponding type declarations.

[7m2[0m import { mouse, keyboard } from '@nut-tree/nut-js';
[7m [0m [91m                                ~~~~~~~~~~~~~~~~~~[0m

[[90m4:22:29 PM[0m] Found 1 error. Watching for file changes.

[2J[3J[H[[90m4:23:50 PM[0m] File change detected. Starting incremental compilation...

[96msrc/robot/robot.service.ts[0m:[93m7[0m:[93m23[0m - [91merror[0m[90m TS2322: [0mType 'number' is not assignable to type 'Point'.

[7m7[0m     await mouse.move([x, y]);
[7m [0m [91m                      ~[0m

[96msrc/robot/robot.service.ts[0m:[93m7[0m:[93m26[0m - [91merror[0m[90m TS2322: [0mType 'number' is not assignable to type 'Point'.

[7m7[0m     await mouse.move([x, y]);
[7m [0m [91m                         ~[0m

[[90m4:23:50 PM[0m] Found 2 errors. Watching for file changes.

[2J[3J[H[[90m4:31:20 PM[0m] File change detected. Starting incremental compilation...

[[90m4:31:20 PM[0m] Found 0 errors. Watching for file changes.

[32m[Nest] 325264  - [39m09/25/2024, 4:31:20 PM [32m    LOG[39m [38;5;3m[NestFactory] [39m[32mStarting Nest application...[39m
[32m[Nest] 325264  - [39m09/25/2024, 4:31:20 PM [32m    LOG[39m [38;5;3m[InstanceLoader] [39m[32mAppModule dependencies initialized[39m[38;5;3m +6ms[39m
[32m[Nest] 325264  - [39m09/25/2024, 4:31:20 PM [32m    LOG[39m [38;5;3m[RoutesResolver] [39m[32mAppController {/}:[39m[38;5;3m +3ms[39m
[32m[Nest] 325264  - [39m09/25/2024, 4:31:20 PM [32m    LOG[39m [38;5;3m[RouterExplorer] [39m[32mMapped {/, GET} route[39m[38;5;3m +1ms[39m
[32m[Nest] 325264  - [39m09/25/2024, 4:31:20 PM [32m    LOG[39m [38;5;3m[RoutesResolver] [39m[32mRobotController {/robot}:[39m[38;5;3m +0ms[39m
[32m[Nest] 325264  - [39m09/25/2024, 4:31:20 PM [32m    LOG[39m [38;5;3m[RouterExplorer] [39m[32mMapped {/robot/move-mouse, POST} route[39m[38;5;3m +0ms[39m
[32m[Nest] 325264  - [39m09/25/2024, 4:31:20 PM [32m    LOG[39m [38;5;3m[RouterExplorer] [39m[32mMapped {/robot/mouse-position, GET} route[39m[38;5;3m +0ms[39m
[32m[Nest] 325264  - [39m09/25/2024, 4:31:20 PM [32m    LOG[39m [38;5;3m[RouterExplorer] [39m[32mMapped {/robot/type, POST} route[39m[38;5;3m +1ms[39m
[32m[Nest] 325264  - [39m09/25/2024, 4:31:20 PM [32m    LOG[39m [38;5;3m[NestApplication] [39m[32mNest application successfully started[39m[38;5;3m +1ms[39m
